<?xml version="1.0" encoding="UTF-8"?>
<!-- Generated by org.testng.reporters.JUnitReportReporter -->
<testsuite hostname="DESKTOP-4L4F65Q" failures="0" tests="1" name="PageObject.Model.pom4" time="9.807" errors="0" timestamp="2023-01-31T17:52:36 IST" skipped="0">
  <testcase classname="PageObject.Model.pom4" name="f" time="9.807"/>
  <system-out/>
</testsuite> <!-- PageObject.Model.pom4 -->
